<?xml version="1.0" encoding="UTF-8"?>
<testng-results ignored="0" total="2" passed="2" failed="0" skipped="0">
  <reporter-output>
  </reporter-output>
  <suite started-at="2019-02-05T05:06:37Z" name="Default suite" finished-at="2019-02-05T05:06:53Z" duration-ms="16127">
    <groups>
    </groups>
    <test started-at="2019-02-05T05:06:37Z" name="Default test" finished-at="2019-02-05T05:06:53Z" duration-ms="16127">
      <class name="com.RegTest.Registration">
        <test-method is-config="true" signature="beforeTest()[pri:0, instance:com.RegTest.Registration@291caca8]" started-at="2019-02-05T05:06:37Z" name="beforeTest" finished-at="2019-02-05T05:06:44Z" duration-ms="7320" status="PASS">
          <reporter-output>
          </reporter-output>
        </test-method> <!-- beforeTest -->
        <test-method signature="VerifyRegistrationPage()[pri:1, instance:com.RegTest.Registration@291caca8]" started-at="2019-02-05T05:06:44Z" name="VerifyRegistrationPage" finished-at="2019-02-05T05:06:48Z" duration-ms="3468" status="PASS">
          <reporter-output>
          </reporter-output>
        </test-method> <!-- VerifyRegistrationPage -->
        <test-method signature="VerifySearchPage()[pri:2, instance:com.RegTest.Registration@291caca8]" started-at="2019-02-05T05:06:48Z" name="VerifySearchPage" finished-at="2019-02-05T05:06:53Z" duration-ms="4643" status="PASS">
          <reporter-output>
          </reporter-output>
        </test-method> <!-- VerifySearchPage -->
        <test-method is-config="true" signature="afterTest()[pri:0, instance:com.RegTest.Registration@291caca8]" started-at="2019-02-05T05:06:53Z" name="afterTest" finished-at="2019-02-05T05:06:53Z" duration-ms="666" status="PASS">
          <reporter-output>
          </reporter-output>
        </test-method> <!-- afterTest -->
      </class> <!-- com.RegTest.Registration -->
    </test> <!-- Default test -->
  </suite> <!-- Default suite -->
</testng-results>
